<?xml version="1.0" encoding="UTF-8"?>
<!-- Generated by org.testng.reporters.JUnitXMLReporter -->
<testsuite hostname="DESKTOP-4ALDDK7" ignored="0" name="Testrunner1" tests="2" failures="0" timestamp="21 Jan 2022 13:24:08 GMT" time="45.884" errors="0">
  <testcase name="createOrginazationTest" time="14.688" classname="com.crm.comcast.OrganizationTest.CreateOrginazationTest"/>
  <testcase name="searchOrgwithPhonenoTest" time="7.353" classname="com.crm.comcast.OrganizationTest.CreateOrginazationTest"/>
</testsuite> <!-- Testrunner1 -->
