<?xml version="1.0" encoding="UTF-8"?>
<!-- Generated by org.testng.reporters.JUnitXMLReporter -->
<testsuite hostname="DESKTOP-4ALDDK7" ignored="0" name="Testrunner2" tests="2" failures="0" timestamp="21 Jan 2022 13:24:23 GMT" time="60.515" errors="0">
  <testcase name="createContactAssignToGroupTest" time="16.26" classname="com.crm.comcast.contactTest.CreatecontactTest"/>
  <testcase name="createcontactTest" time="21.473" classname="com.crm.comcast.contactTest.CreatecontactTest"/>
</testsuite> <!-- Testrunner2 -->
