<?xml version="1.0" encoding="UTF-8"?>
<!-- Generated by org.testng.reporters.JUnitXMLReporter -->
<testsuite hostname="DESKTOP-4ALDDK7" ignored="0" name="Test" tests="2" failures="2" timestamp="22 Jan 2022 14:59:31 GMT" time="10.347" errors="0">
  <testcase name="abc" time="0.011" classname="practice.SampleScreenshot">
    <failure type="java.lang.AssertionError" message="expected:&amp;lt;false&amp;gt; but was:&amp;lt;true&amp;gt;">
      <![CDATA[java.lang.AssertionError: expected:<false> but was:<true>
at practice.SampleScreenshot.abc(SampleScreenshot.java:17)
... Removed 30 stack frames]]>
    </failure>
  </testcase> <!-- abc -->
  <testcase name="abc" time="2.985" classname="practice.SampleScreenshot">
    <failure type="java.lang.NullPointerException">
      <![CDATA[java.lang.NullPointerException
at org.openqa.selenium.support.events.EventFiringWebDriver.extractInterfaces(EventFiringWebDriver.java:120)
at org.openqa.selenium.support.events.EventFiringWebDriver.<init>(EventFiringWebDriver.java:94)
at com.crm.GenericLibrary.LisImpClass.onTestFailure(LisImpClass.java:22)
... Removed 22 stack frames]]>
    </failure>
  </testcase> <!-- abc -->
</testsuite> <!-- Test -->
