<?xml version="1.0" encoding="UTF-8"?>
<!-- Generated by org.testng.reporters.JUnitXMLReporter -->
<testsuite hostname="DESKTOP-4ALDDK7" ignored="4" name="Test" tests="2" failures="0" timestamp="21 Jan 2022 07:30:01 GMT" time="55.057" errors="0">
  <testcase name="createOrginazationTest" time="11.334" classname="com.crm.comcast.OrganizationTest.CreateOrginazationTest"/>
  <testcase name="createcontactTest" time="19.682" classname="com.crm.comcast.contactTest.CreatecontactTest"/>
  <testcase name="createContactAssignToGroupTest" time="0.0" classname="com.crm.comcast.contactTest.CreatecontactTest">
    <ignored/>
  </testcase> <!-- createContactAssignToGroupTest -->
  <testcase name="searchOrgwithPhonenoTest" time="0.0" classname="com.crm.comcast.OrganizationTest.CreateOrginazationTest">
    <ignored/>
  </testcase> <!-- searchOrgwithPhonenoTest -->
  <testcase name="@BeforeSuite configBS" time="0.0" classname="com.crm.GenericLibrary.BaseClass">
    <ignored/>
  </testcase> <!-- @BeforeSuite configBS -->
  <testcase name="@AfterSuite configAS" time="0.0" classname="com.crm.GenericLibrary.BaseClass">
    <ignored/>
  </testcase> <!-- @AfterSuite configAS -->
</testsuite> <!-- Test -->
