<?xml version="1.0" encoding="UTF-8"?>
<!-- Generated by org.testng.reporters.JUnitXMLReporter -->
<testsuite hostname="DESKTOP-4ALDDK7" ignored="2" name="TestRunner-firefox" tests="4" failures="0" timestamp="21 Jan 2022 13:37:29 GMT" time="100.305" errors="0">
  <testcase name="createOrginazationTest" time="14.115" classname="com.crm.comcast.OrganizationTest.CreateOrginazationTest"/>
  <testcase name="searchOrgwithPhonenoTest" time="6.498" classname="com.crm.comcast.OrganizationTest.CreateOrginazationTest"/>
  <testcase name="createContactAssignToGroupTest" time="14.233" classname="com.crm.comcast.contactTest.CreatecontactTest"/>
  <testcase name="createcontactTest" time="23.1" classname="com.crm.comcast.contactTest.CreatecontactTest"/>
  <testcase name="@BeforeSuite configBS" time="0.0" classname="com.crm.GenericLibrary.BaseClass">
    <ignored/>
  </testcase> <!-- @BeforeSuite configBS -->
  <testcase name="@AfterSuite configAS" time="0.0" classname="com.crm.GenericLibrary.BaseClass">
    <ignored/>
  </testcase> <!-- @AfterSuite configAS -->
</testsuite> <!-- TestRunner-firefox -->
