<?xml version="1.0" encoding="UTF-8"?>
<!-- Generated by org.testng.reporters.JUnitXMLReporter -->
<testsuite hostname="DESKTOP-4ALDDK7" ignored="0" name="Default test" tests="2" failures="0" timestamp="25 Jan 2022 12:08:53 GMT" time="71.042" errors="0">
  <testcase name="createContactAssignToGroupTest" time="20.8" classname="com.crm.comcast.contactTest.CreatecontactTest"/>
  <testcase name="createcontactTest" time="24.184" classname="com.crm.comcast.contactTest.CreatecontactTest"/>
</testsuite> <!-- Default test -->
